  Matrices49860489.cpp
c:\users\administrator\desktop\과제\iyl2002\yeongiklee\컴그스 기말과제\matrices49860489.cpp(282): warning C4100: 'lpCmdLine': 참조되지 않은 정식 매개 변수입니다.
c:\users\administrator\desktop\과제\iyl2002\yeongiklee\컴그스 기말과제\matrices49860489.cpp(281): warning C4100: 'hPrevInstance': 참조되지 않은 정식 매개 변수입니다.
c:\users\administrator\desktop\과제\iyl2002\yeongiklee\컴그스 기말과제\matrices49860489.cpp(693): warning C4244: '인수': 'int'에서 'float'(으)로 변환하면서 데이터가 손실될 수 있습니다.
c:\users\administrator\desktop\과제\iyl2002\yeongiklee\컴그스 기말과제\matrices49860489.cpp(699): warning C4244: '인수': 'int'에서 'float'(으)로 변환하면서 데이터가 손실될 수 있습니다.
c:\users\administrator\desktop\과제\iyl2002\yeongiklee\컴그스 기말과제\matrices49860489.cpp(706): warning C4244: '인수': 'int'에서 'float'(으)로 변환하면서 데이터가 손실될 수 있습니다.
c:\users\administrator\desktop\과제\iyl2002\yeongiklee\컴그스 기말과제\matrices49860489.cpp(713): warning C4244: '인수': 'int'에서 'float'(으)로 변환하면서 데이터가 손실될 수 있습니다.
c:\users\administrator\desktop\과제\iyl2002\yeongiklee\컴그스 기말과제\matrices49860489.cpp(720): warning C4244: '인수': 'int'에서 'float'(으)로 변환하면서 데이터가 손실될 수 있습니다.
c:\users\administrator\desktop\과제\iyl2002\yeongiklee\컴그스 기말과제\matrices49860489.cpp(751): warning C4244: '인수': 'int'에서 'float'(으)로 변환하면서 데이터가 손실될 수 있습니다.
c:\users\administrator\desktop\과제\iyl2002\yeongiklee\컴그스 기말과제\matrices49860489.cpp(759): warning C4244: '인수': 'int'에서 'float'(으)로 변환하면서 데이터가 손실될 수 있습니다.
c:\users\administrator\desktop\과제\iyl2002\yeongiklee\컴그스 기말과제\matrices49860489.cpp(767): warning C4244: '인수': 'int'에서 'float'(으)로 변환하면서 데이터가 손실될 수 있습니다.
c:\users\administrator\desktop\과제\iyl2002\yeongiklee\컴그스 기말과제\matrices49860489.cpp(775): warning C4244: '인수': 'int'에서 'float'(으)로 변환하면서 데이터가 손실될 수 있습니다.
c:\users\administrator\desktop\과제\iyl2002\yeongiklee\컴그스 기말과제\matrices49860489.cpp(783): warning C4244: '인수': 'int'에서 'float'(으)로 변환하면서 데이터가 손실될 수 있습니다.
c:\users\administrator\desktop\과제\iyl2002\yeongiklee\컴그스 기말과제\matrices49860489.cpp(791): warning C4244: '인수': 'int'에서 'float'(으)로 변환하면서 데이터가 손실될 수 있습니다.
c:\users\administrator\desktop\과제\iyl2002\yeongiklee\컴그스 기말과제\matrices49860489.cpp(799): warning C4244: '인수': 'int'에서 'float'(으)로 변환하면서 데이터가 손실될 수 있습니다.
c:\users\administrator\desktop\과제\iyl2002\yeongiklee\컴그스 기말과제\matrices49860489.cpp(808): warning C4244: '인수': 'int'에서 'float'(으)로 변환하면서 데이터가 손실될 수 있습니다.
c:\users\administrator\desktop\과제\iyl2002\yeongiklee\컴그스 기말과제\matrices49860489.cpp(817): warning C4244: '인수': 'int'에서 'float'(으)로 변환하면서 데이터가 손실될 수 있습니다.
c:\users\administrator\desktop\과제\iyl2002\yeongiklee\컴그스 기말과제\matrices49860489.cpp(826): warning C4244: '인수': 'int'에서 'float'(으)로 변환하면서 데이터가 손실될 수 있습니다.
c:\users\administrator\desktop\과제\iyl2002\yeongiklee\컴그스 기말과제\matrices49860489.cpp(862): warning C4244: '인수': 'int'에서 'float'(으)로 변환하면서 데이터가 손실될 수 있습니다.
c:\users\administrator\desktop\과제\iyl2002\yeongiklee\컴그스 기말과제\matrices49860489.cpp(877): warning C4244: '인수': 'int'에서 'float'(으)로 변환하면서 데이터가 손실될 수 있습니다.
c:\users\administrator\desktop\과제\iyl2002\yeongiklee\컴그스 기말과제\matrices49860489.cpp(892): warning C4244: '인수': 'int'에서 'float'(으)로 변환하면서 데이터가 손실될 수 있습니다.
c:\users\administrator\desktop\과제\iyl2002\yeongiklee\컴그스 기말과제\matrices49860489.cpp(907): warning C4244: '인수': 'int'에서 'float'(으)로 변환하면서 데이터가 손실될 수 있습니다.
c:\users\administrator\desktop\과제\iyl2002\yeongiklee\컴그스 기말과제\matrices49860489.cpp(922): warning C4244: '인수': 'int'에서 'float'(으)로 변환하면서 데이터가 손실될 수 있습니다.
Matrices49860489.obj : warning LNK4075: '/EDITANDCONTINUE'이(가) '/SAFESEH' 사양으로 인해 무시됩니다.
  Matrices49860489_2010.vcxproj -> C:\Users\Administrator\Desktop\과제\iyl2002\YeongIkLee\컴그스 기말과제\Debug\Matrices49860489.exe
  Matrices49860489_2010.vcxproj -> C:\Users\Administrator\Desktop\과제\iyl2002\YeongIkLee\컴그스 기말과제\Debug\Matrices49860489.pdb (Full PDB)
